<?xml version="1.0" encoding="UTF-8"?>
<!-- Generated by org.testng.reporters.JUnitXMLReporter -->
<testsuite ignored="5" hostname="DESKTOP-DQ564GQ" failures="0" tests="3" name="Test" time="0.031" errors="0" timestamp="18 Apr 2023 11:21:37 GMT">
  <testcase classname="testcases.HomeLoanTest" name="test2" time="0.004"/>
  <testcase classname="testcases.CarLoanTest" name="test3" time="0.001"/>
  <testcase classname="testcases.CreditCardLoan" name="test4" time="0.001"/>
  <testcase classname="testcases.HomeLoanTest" name="test1" time="0.0">
    <ignored/>
  </testcase> <!-- test1 -->
  <testcase classname="testcases.BaseClass" name="@BeforeTest Method3" time="0.0">
    <ignored/>
  </testcase> <!-- @BeforeTest Method3 -->
  <testcase classname="testcases.BaseClass" name="@BeforeTest Method3" time="0.0">
    <ignored/>
  </testcase> <!-- @BeforeTest Method3 -->
  <testcase classname="testcases.BaseClass" name="@AfterTest Method4" time="0.0">
    <ignored/>
  </testcase> <!-- @AfterTest Method4 -->
  <testcase classname="testcases.BaseClass" name="@AfterTest Method4" time="0.0">
    <ignored/>
  </testcase> <!-- @AfterTest Method4 -->
</testsuite> <!-- Test -->
