<?xml version="1.0" encoding="UTF-8"?>
<testng-results skipped="0" failed="0" ignored="7" total="9" passed="2">
  <reporter-output>
  </reporter-output>
  <suite name="Sanity" duration-ms="56" started-at="2023-04-18T16:17:23Z" finished-at="2023-04-18T16:17:23Z">
    <groups>
      <group name="regression">
        <method signature="CreditCardLoan.test5()[pri:0, instance:testcases.CreditCardLoan@11e21d0e]" name="test5" class="testcases.CreditCardLoan"/>
      </group> <!-- regression -->
      <group name="sanity">
        <method signature="CarLoanTest.test3()[pri:0, instance:testcases.CarLoanTest@62fdb4a6]" name="test3" class="testcases.CarLoanTest"/>
        <method signature="CreditCardLoan.test5()[pri:0, instance:testcases.CreditCardLoan@11e21d0e]" name="test5" class="testcases.CreditCardLoan"/>
      </group> <!-- sanity -->
    </groups>
    <test name="Test" duration-ms="56" started-at="2023-04-18T16:17:23Z" finished-at="2023-04-18T16:17:23Z">
      <class name="testcases.CarLoanTest">
        <test-method status="PASS" signature="Method1()[pri:0, instance:testcases.CarLoanTest@62fdb4a6]" name="Method1" is-config="true" duration-ms="1" started-at="2023-04-18T16:17:23Z" finished-at="2023-04-18T16:17:23Z">
          <reporter-output>
          </reporter-output>
        </test-method> <!-- Method1 -->
        <test-method status="PASS" signature="test3()[pri:0, instance:testcases.CarLoanTest@62fdb4a6]" name="test3" duration-ms="2" started-at="2023-04-18T16:17:23Z" finished-at="2023-04-18T16:17:23Z">
          <reporter-output>
          </reporter-output>
        </test-method> <!-- test3 -->
        <test-method status="PASS" signature="Method2()[pri:0, instance:testcases.CarLoanTest@62fdb4a6]" name="Method2" is-config="true" duration-ms="1" started-at="2023-04-18T16:17:23Z" finished-at="2023-04-18T16:17:23Z">
          <reporter-output>
          </reporter-output>
        </test-method> <!-- Method2 -->
      </class> <!-- testcases.CarLoanTest -->
      <class name="testcases.HomeLoanTest">
        <test-method status="PASS" signature="Method3()[pri:0, instance:testcases.HomeLoanTest@71a794e5]" name="Method3" is-config="true" duration-ms="20" started-at="2023-04-18T16:17:23Z" finished-at="2023-04-18T16:17:23Z">
          <reporter-output>
          </reporter-output>
        </test-method> <!-- Method3 -->
        <test-method status="PASS" signature="Method4()[pri:0, instance:testcases.HomeLoanTest@71a794e5]" name="Method4" is-config="true" duration-ms="0" started-at="2023-04-18T16:17:23Z" finished-at="2023-04-18T16:17:23Z">
          <reporter-output>
          </reporter-output>
        </test-method> <!-- Method4 -->
      </class> <!-- testcases.HomeLoanTest -->
      <class name="testcases.CreditCardLoan">
        <test-method status="PASS" signature="test5()[pri:0, instance:testcases.CreditCardLoan@11e21d0e]" name="test5" duration-ms="1" started-at="2023-04-18T16:17:23Z" finished-at="2023-04-18T16:17:23Z">
          <reporter-output>
          </reporter-output>
        </test-method> <!-- test5 -->
        <test-method status="PASS" signature="Method1()[pri:0, instance:testcases.CreditCardLoan@11e21d0e]" name="Method1" is-config="true" duration-ms="0" started-at="2023-04-18T16:17:23Z" finished-at="2023-04-18T16:17:23Z">
          <reporter-output>
          </reporter-output>
        </test-method> <!-- Method1 -->
        <test-method status="PASS" signature="Method2()[pri:0, instance:testcases.CreditCardLoan@11e21d0e]" name="Method2" is-config="true" duration-ms="1" started-at="2023-04-18T16:17:23Z" finished-at="2023-04-18T16:17:23Z">
          <reporter-output>
          </reporter-output>
        </test-method> <!-- Method2 -->
      </class> <!-- testcases.CreditCardLoan -->
    </test> <!-- Test -->
  </suite> <!-- Sanity -->
</testng-results>
