<?xml version="1.0" encoding="UTF-8"?>
<testng-results ignored="7" total="9" passed="2" failed="0" skipped="0">
  <reporter-output>
  </reporter-output>
  <suite started-at="2023-04-18T16:00:22Z" name="Sanity" finished-at="2023-04-18T16:00:22Z" duration-ms="115">
    <groups>
      <group name="regression">
        <method signature="CreditCardLoan.test5()[pri:0, instance:testcases.CreditCardLoan@21129f1f]" name="test5" class="testcases.CreditCardLoan"/>
      </group> <!-- regression -->
      <group name="sanity">
        <method signature="CarLoanTest.test3()[pri:0, instance:testcases.CarLoanTest@352c1b98]" name="test3" class="testcases.CarLoanTest"/>
        <method signature="CreditCardLoan.test5()[pri:0, instance:testcases.CreditCardLoan@21129f1f]" name="test5" class="testcases.CreditCardLoan"/>
      </group> <!-- sanity -->
    </groups>
    <test started-at="2023-04-18T16:00:22Z" name="Test" finished-at="2023-04-18T16:00:22Z" duration-ms="115">
      <class name="testcases.CarLoanTest">
        <test-method is-config="true" signature="Method1()[pri:0, instance:testcases.CarLoanTest@352c1b98]" started-at="2023-04-18T16:00:22Z" name="Method1" finished-at="2023-04-18T16:00:22Z" duration-ms="1" status="PASS">
          <reporter-output>
          </reporter-output>
        </test-method> <!-- Method1 -->
        <test-method signature="test3()[pri:0, instance:testcases.CarLoanTest@352c1b98]" started-at="2023-04-18T16:00:22Z" name="test3" finished-at="2023-04-18T16:00:22Z" duration-ms="14" status="PASS">
          <reporter-output>
          </reporter-output>
        </test-method> <!-- test3 -->
        <test-method is-config="true" signature="Method2()[pri:0, instance:testcases.CarLoanTest@352c1b98]" started-at="2023-04-18T16:00:22Z" name="Method2" finished-at="2023-04-18T16:00:22Z" duration-ms="1" status="PASS">
          <reporter-output>
          </reporter-output>
        </test-method> <!-- Method2 -->
      </class> <!-- testcases.CarLoanTest -->
      <class name="testcases.HomeLoanTest">
        <test-method is-config="true" signature="Method3()[pri:0, instance:testcases.HomeLoanTest@75d2da2d]" started-at="2023-04-18T16:00:22Z" name="Method3" finished-at="2023-04-18T16:00:22Z" duration-ms="33" status="PASS">
          <reporter-output>
          </reporter-output>
        </test-method> <!-- Method3 -->
        <test-method is-config="true" signature="Method4()[pri:0, instance:testcases.HomeLoanTest@75d2da2d]" started-at="2023-04-18T16:00:22Z" name="Method4" finished-at="2023-04-18T16:00:22Z" duration-ms="0" status="PASS">
          <reporter-output>
          </reporter-output>
        </test-method> <!-- Method4 -->
      </class> <!-- testcases.HomeLoanTest -->
      <class name="testcases.CreditCardLoan">
        <test-method is-config="true" signature="Method1()[pri:0, instance:testcases.CreditCardLoan@21129f1f]" started-at="2023-04-18T16:00:22Z" name="Method1" finished-at="2023-04-18T16:00:22Z" duration-ms="0" status="PASS">
          <reporter-output>
          </reporter-output>
        </test-method> <!-- Method1 -->
        <test-method signature="test5()[pri:0, instance:testcases.CreditCardLoan@21129f1f]" started-at="2023-04-18T16:00:22Z" name="test5" finished-at="2023-04-18T16:00:22Z" duration-ms="4" status="PASS">
          <reporter-output>
          </reporter-output>
        </test-method> <!-- test5 -->
        <test-method is-config="true" signature="Method2()[pri:0, instance:testcases.CreditCardLoan@21129f1f]" started-at="2023-04-18T16:00:22Z" name="Method2" finished-at="2023-04-18T16:00:22Z" duration-ms="0" status="PASS">
          <reporter-output>
          </reporter-output>
        </test-method> <!-- Method2 -->
      </class> <!-- testcases.CreditCardLoan -->
    </test> <!-- Test -->
  </suite> <!-- Sanity -->
</testng-results>
