<?xml version="1.0" encoding="UTF-8"?>
<!-- Generated by org.testng.reporters.JUnitXMLReporter -->
<testsuite hostname="DESKTOP-DQ564GQ" ignored="7" name="Test" tests="2" failures="0" timestamp="18 Apr 2023 16:17:23 GMT" time="0.056" errors="0">
  <testcase name="test3" time="0.002" classname="testcases.CarLoanTest"/>
  <testcase name="test5" time="0.001" classname="testcases.CreditCardLoan"/>
  <testcase name="test1" time="0.0" classname="testcases.HomeLoanTest">
    <ignored/>
  </testcase> <!-- test1 -->
  <testcase name="@BeforeTest Method3" time="0.0" classname="testcases.BaseClass">
    <ignored/>
  </testcase> <!-- @BeforeTest Method3 -->
  <testcase name="@BeforeTest Method3" time="0.0" classname="testcases.BaseClass">
    <ignored/>
  </testcase> <!-- @BeforeTest Method3 -->
  <testcase name="@AfterTest Method4" time="0.0" classname="testcases.BaseClass">
    <ignored/>
  </testcase> <!-- @AfterTest Method4 -->
  <testcase name="@AfterTest Method4" time="0.0" classname="testcases.BaseClass">
    <ignored/>
  </testcase> <!-- @AfterTest Method4 -->
  <testcase name="test4" time="0.0" classname="testcases.CreditCardLoan">
    <ignored/>
  </testcase> <!-- test4 -->
  <testcase name="test2" time="0.0" classname="testcases.HomeLoanTest">
    <ignored/>
  </testcase> <!-- test2 -->
</testsuite> <!-- Test -->
